{"level":"error","message":"error in notes","timestamp":"2023-09-20T07:14:08.382Z"}
{"level":"error","message":"error in notes","timestamp":"2023-09-20T07:14:13.907Z"}
{"level":"error","message":"error in notes","timestamp":"2023-09-20T07:14:14.843Z"}
{"level":"error","message":"error in notes","timestamp":"2023-09-20T07:14:15.046Z"}
{"level":"error","message":"error in notes","timestamp":"2023-09-20T07:14:15.245Z"}
{"level":"error","message":"error in notes","timestamp":"2023-09-20T07:14:15.464Z"}
{"level":"error","message":"error in notes","timestamp":"2023-09-20T07:14:25.989Z"}
{"level":"error","message":"error in notes","timestamp":"2023-09-20T07:16:17.000Z"}
{"fields":null,"index":"notes_user_id_fkey","level":"error","name":"SequelizeForeignKeyConstraintError","original":{"code":"23503","constraint":"notes_user_id_fkey","detail":"Key (user_id)=(12) is not present in table \"Users\".","file":"d:\\pginstaller_12.auto\\postgres.windows-x64\\src\\backend\\utils\\adt\\ri_triggers.c","length":309,"line":"2474","name":"error","parameters":["2023-09-20","<p><br></p>",12,"2023-09-20 07:40:13.898 +00:00","2023-09-20 07:40:13.898 +00:00"],"routine":"ri_ReportViolation","schema":"public","severity":"ERROR","sql":"INSERT INTO \"notes\" (\"id\",\"release_date\",\"Content\",\"user_id\",\"createdAt\",\"updatedAt\") VALUES (DEFAULT,$1,$2,$3,$4,$5) RETURNING \"id\",\"release_date\",\"Content\",\"user_id\",\"createdAt\",\"updatedAt\";","table":"notes"},"parameters":["2023-09-20","<p><br></p>",12,"2023-09-20 07:40:13.898 +00:00","2023-09-20 07:40:13.898 +00:00"],"parent":{"code":"23503","constraint":"notes_user_id_fkey","detail":"Key (user_id)=(12) is not present in table \"Users\".","file":"d:\\pginstaller_12.auto\\postgres.windows-x64\\src\\backend\\utils\\adt\\ri_triggers.c","length":309,"line":"2474","name":"error","parameters":["2023-09-20","<p><br></p>",12,"2023-09-20 07:40:13.898 +00:00","2023-09-20 07:40:13.898 +00:00"],"routine":"ri_ReportViolation","schema":"public","severity":"ERROR","sql":"INSERT INTO \"notes\" (\"id\",\"release_date\",\"Content\",\"user_id\",\"createdAt\",\"updatedAt\") VALUES (DEFAULT,$1,$2,$3,$4,$5) RETURNING \"id\",\"release_date\",\"Content\",\"user_id\",\"createdAt\",\"updatedAt\";","table":"notes"},"sql":"INSERT INTO \"notes\" (\"id\",\"release_date\",\"Content\",\"user_id\",\"createdAt\",\"updatedAt\") VALUES (DEFAULT,$1,$2,$3,$4,$5) RETURNING \"id\",\"release_date\",\"Content\",\"user_id\",\"createdAt\",\"updatedAt\";","table":"notes","timestamp":"2023-09-20T07:40:13.919Z"}
{"fields":null,"index":"notes_user_id_fkey","level":"error","name":"SequelizeForeignKeyConstraintError","original":{"code":"23503","constraint":"notes_user_id_fkey","detail":"Key (user_id)=(12) is not present in table \"Users\".","file":"d:\\pginstaller_12.auto\\postgres.windows-x64\\src\\backend\\utils\\adt\\ri_triggers.c","length":309,"line":"2474","name":"error","parameters":["2023-09-20","<p>as</p>",12,"2023-09-20 07:40:32.331 +00:00","2023-09-20 07:40:32.331 +00:00"],"routine":"ri_ReportViolation","schema":"public","severity":"ERROR","sql":"INSERT INTO \"notes\" (\"id\",\"release_date\",\"Content\",\"user_id\",\"createdAt\",\"updatedAt\") VALUES (DEFAULT,$1,$2,$3,$4,$5) RETURNING \"id\",\"release_date\",\"Content\",\"user_id\",\"createdAt\",\"updatedAt\";","table":"notes"},"parameters":["2023-09-20","<p>as</p>",12,"2023-09-20 07:40:32.331 +00:00","2023-09-20 07:40:32.331 +00:00"],"parent":{"code":"23503","constraint":"notes_user_id_fkey","detail":"Key (user_id)=(12) is not present in table \"Users\".","file":"d:\\pginstaller_12.auto\\postgres.windows-x64\\src\\backend\\utils\\adt\\ri_triggers.c","length":309,"line":"2474","name":"error","parameters":["2023-09-20","<p>as</p>",12,"2023-09-20 07:40:32.331 +00:00","2023-09-20 07:40:32.331 +00:00"],"routine":"ri_ReportViolation","schema":"public","severity":"ERROR","sql":"INSERT INTO \"notes\" (\"id\",\"release_date\",\"Content\",\"user_id\",\"createdAt\",\"updatedAt\") VALUES (DEFAULT,$1,$2,$3,$4,$5) RETURNING \"id\",\"release_date\",\"Content\",\"user_id\",\"createdAt\",\"updatedAt\";","table":"notes"},"sql":"INSERT INTO \"notes\" (\"id\",\"release_date\",\"Content\",\"user_id\",\"createdAt\",\"updatedAt\") VALUES (DEFAULT,$1,$2,$3,$4,$5) RETURNING \"id\",\"release_date\",\"Content\",\"user_id\",\"createdAt\",\"updatedAt\";","table":"notes","timestamp":"2023-09-20T07:40:32.390Z"}
{"level":"error","message":"SequelizeForeignKeyConstraintError","timestamp":"2023-09-20T07:41:03.486Z"}
{"level":"error","message":"SequelizeForeignKeyConstraintError","timestamp":"2023-09-20T09:21:34.385Z"}
{"level":"error","message":"SequelizeForeignKeyConstraintError","timestamp":"2023-09-20T10:41:18.983Z"}
{"level":"error","message":"ReferenceError","timestamp":"2023-09-20T15:50:29.815Z"}
{"level":"error","message":"ReferenceError","timestamp":"2023-09-20T15:50:46.651Z"}
{"level":"error","message":"Error","timestamp":"2023-09-20T15:55:55.449Z"}
{"level":"error","message":"Error","timestamp":"2023-09-20T15:56:16.390Z"}
{"level":"error","timestamp":"2023-09-20T16:12:57.981Z"}
{"level":"error","timestamp":"2023-09-20T16:13:24.770Z"}
{"level":"error","timestamp":"2023-09-20T16:13:43.423Z"}
{"level":"error","timestamp":"2023-09-21T10:28:52.238Z"}
{"level":"error","timestamp":"2023-09-21T10:29:16.714Z"}
{"level":"error","timestamp":"2023-09-21T11:01:07.642Z"}
{"level":"error","timestamp":"2023-09-21T11:05:11.035Z"}
{"level":"error","timestamp":"2023-09-21T11:05:31.588Z"}
{"level":"error","timestamp":"2023-09-21T11:05:52.573Z"}
