{"level":"error","message":"SequelizeForeignKeyConstraintError","timestamp":"2023-09-20T07:41:03.486Z"}
{"level":"error","message":"SequelizeForeignKeyConstraintError","timestamp":"2023-09-20T09:21:34.385Z"}
{"level":"error","message":"SequelizeForeignKeyConstraintError","timestamp":"2023-09-20T10:41:18.983Z"}
{"level":"error","message":"ReferenceError","timestamp":"2023-09-20T15:50:29.815Z"}
{"level":"error","message":"ReferenceError","timestamp":"2023-09-20T15:50:46.651Z"}
{"level":"error","message":"Error","timestamp":"2023-09-20T15:55:55.449Z"}
{"level":"error","message":"Error","timestamp":"2023-09-20T15:56:16.390Z"}
{"level":"error","timestamp":"2023-09-20T16:12:57.981Z"}
{"level":"error","timestamp":"2023-09-20T16:13:24.770Z"}
{"level":"error","timestamp":"2023-09-20T16:13:43.423Z"}
{"level":"error","timestamp":"2023-09-21T10:28:52.238Z"}
{"level":"error","timestamp":"2023-09-21T10:29:16.714Z"}
{"level":"error","timestamp":"2023-09-21T11:01:07.642Z"}
{"level":"error","timestamp":"2023-09-21T11:05:11.035Z"}
{"level":"error","timestamp":"2023-09-21T11:05:31.588Z"}
{"level":"error","timestamp":"2023-09-21T11:05:52.573Z"}
{"level":"error","timestamp":"2023-10-13T07:28:48.131Z"}
{"level":"error","timestamp":"2023-10-14T11:47:37.388Z"}
{"level":"error","timestamp":"2023-10-14T11:48:37.189Z"}
{"level":"error","timestamp":"2023-10-14T11:49:22.153Z"}
{"level":"error","message":"TypeError","timestamp":"2023-10-17T07:40:20.144Z"}
{"level":"error","message":"TypeError","timestamp":"2023-10-17T07:40:39.518Z"}
{"level":"error","message":"TypeError","timestamp":"2023-10-17T07:40:55.307Z"}
{"level":"error","message":"ReferenceError","timestamp":"2023-10-17T07:41:38.360Z"}
{"level":"error","message":"TypeError","timestamp":"2023-10-18T07:55:49.277Z"}
{"level":"error","message":"TypeError","timestamp":"2023-10-18T07:56:10.830Z"}
{"level":"error","timestamp":"2023-10-18T07:58:11.465Z"}
{"level":"error","timestamp":"2023-10-18T08:00:14.687Z"}
{"level":"error","timestamp":"2023-10-18T08:01:44.173Z"}
{"level":"error","timestamp":"2023-10-18T08:04:14.727Z"}
{"level":"error","message":"Error","timestamp":"2023-10-18T08:04:23.958Z"}
{"level":"error","message":"Error","timestamp":"2023-10-18T08:04:29.878Z"}
{"level":"error","message":"Error","timestamp":"2023-10-18T08:05:12.017Z"}
{"level":"error","message":"Cannot read properties of undefined (reading 'generateTokens')","timestamp":"2023-10-18T08:19:06.207Z"}
{"level":"error","timestamp":"2023-10-18T08:26:16.830Z"}
{"level":"error","timestamp":"2023-10-18T08:27:03.295Z"}
{"level":"error","message":"TypeError","timestamp":"2023-10-18T08:29:54.772Z"}
{"level":"error","message":"TypeError","timestamp":"2023-10-18T08:30:31.081Z"}
{"level":"error","message":"TypeError","timestamp":"2023-10-18T08:31:01.754Z"}
{"level":"error","message":"TypeError","timestamp":"2023-10-18T08:32:15.392Z"}
{"level":"error","message":"BAD REQUEST","timestamp":"2023-10-19T08:12:47.094Z"}
{"level":"error","message":"BAD REQUEST","timestamp":"2023-10-19T08:13:00.082Z"}
{"level":"error","message":"BAD REQUEST","timestamp":"2023-10-19T08:19:13.049Z"}
{"level":"error","message":"BAD REQUEST","timestamp":"2023-10-19T08:19:27.292Z"}
{"level":"error","message":"BAD REQUEST","timestamp":"2023-10-19T08:19:45.319Z"}
{"level":"error","message":"BAD REQUEST","timestamp":"2023-10-19T08:34:29.013Z"}
{"level":"error","message":"BAD REQUEST","timestamp":"2023-10-19T08:34:33.468Z"}
{"level":"error","message":"BAD REQUEST","timestamp":"2023-10-19T08:35:03.911Z"}
{"level":"error","message":"BAD REQUEST","timestamp":"2023-10-19T08:35:13.587Z"}
{"level":"error","message":"BAD REQUEST","timestamp":"2023-10-19T08:35:26.418Z"}
{"level":"error","message":"BAD REQUEST","timestamp":"2023-10-19T08:35:49.666Z"}
{"level":"error","message":"BAD REQUEST","timestamp":"2023-10-19T08:36:15.800Z"}
{"level":"error","timestamp":"2023-10-19T08:36:52.155Z"}
{"level":"error","timestamp":"2023-10-19T08:39:29.099Z"}
{"level":"error","message":"BAD REQUEST","timestamp":"2023-10-19T08:39:42.490Z"}
{"level":"error","message":"BAD REQUEST","timestamp":"2023-10-19T08:50:24.505Z"}
{"level":"error","message":"ReferenceError","timestamp":"2023-10-22T08:13:00.859Z"}
{"level":"error","message":"ReferenceError","timestamp":"2023-10-22T08:13:07.413Z"}
{"level":"error","message":"ReferenceError","timestamp":"2023-10-22T08:13:20.645Z"}
{"level":"error","message":"ReferenceError","timestamp":"2023-10-22T08:13:47.317Z"}
{"level":"error","message":"ReferenceError","timestamp":"2023-10-22T08:13:59.573Z"}
{"level":"error","message":"TypeError","timestamp":"2023-10-22T08:14:21.984Z"}
{"level":"error","message":"TypeError","timestamp":"2023-10-22T08:14:34.084Z"}
{"level":"error","message":"TypeError","timestamp":"2023-10-22T08:14:53.378Z"}
{"level":"error","timestamp":"2023-10-23T06:31:16.961Z"}
{"level":"error","message":"Internal Server Error","timestamp":"2023-10-23T06:33:22.703Z"}
{"level":"error","message":"Internal Server Error","timestamp":"2023-10-23T06:33:43.593Z"}
{"level":"error","message":"Internal Server Error","timestamp":"2023-10-23T06:34:21.680Z"}
{"level":"error","message":"Internal Server Error","timestamp":"2023-10-23T06:34:54.371Z"}
{"level":"error","message":"Internal Server Error","timestamp":"2023-10-23T06:35:38.107Z"}
{"level":"error","message":"ReferenceError","timestamp":"2023-10-23T07:00:00.688Z"}
{"level":"error","message":"TypeError","timestamp":"2023-10-23T07:00:30.727Z"}
{"level":"error","message":"TypeError","timestamp":"2023-10-23T07:00:56.690Z"}
{"level":"error","message":"TypeError","timestamp":"2023-10-23T07:01:12.745Z"}
{"level":"error","message":"TypeError","timestamp":"2023-10-23T07:02:40.584Z"}
{"level":"error","message":"TypeError","timestamp":"2023-10-23T07:03:14.589Z"}
{"level":"error","message":"TypeError","timestamp":"2023-10-23T07:04:07.684Z"}
{"level":"error","message":"TypeError","timestamp":"2023-10-23T07:04:35.337Z"}
{"level":"error","message":"ReferenceError","timestamp":"2023-10-31T07:10:46.104Z"}
{"level":"error","message":"TypeError","timestamp":"2023-10-31T07:45:30.743Z"}
{"level":"error","message":"Error","timestamp":"2023-11-11T11:11:18.227Z"}
{"level":"error","message":"Error","timestamp":"2023-11-11T11:11:18.231Z"}
{"level":"error","message":"Error","timestamp":"2023-11-11T11:11:39.992Z"}
{"level":"error","message":"Error","timestamp":"2023-11-11T11:11:39.996Z"}
{"level":"error","message":"BAD REQUEST","timestamp":"2023-11-16T08:49:11.405Z"}
{"level":"error","message":"BAD REQUEST","timestamp":"2023-11-16T08:51:12.349Z"}
{"level":"error","message":"BAD REQUEST","timestamp":"2023-11-16T08:51:31.412Z"}
{"level":"error","message":"BAD REQUEST","timestamp":"2023-11-16T08:51:53.331Z"}
{"level":"error","message":"BAD REQUEST","timestamp":"2023-11-16T08:52:01.739Z"}
{"level":"error","message":"BAD REQUEST","timestamp":"2023-11-16T08:52:32.339Z"}
{"level":"error","message":"Error","timestamp":"2023-11-16T09:03:29.113Z"}
{"level":"error","message":"Error","timestamp":"2023-11-16T09:03:29.116Z"}
{"level":"error","message":"TypeError","timestamp":"2023-11-16T09:03:55.688Z"}
{"level":"error","message":"Error","timestamp":"2023-11-16T09:03:55.691Z"}
{"level":"error","message":"UNAUTHORIZED","timestamp":"2023-11-16T12:21:46.189Z"}
{"level":"error","message":"UNAUTHORIZED","timestamp":"2023-11-16T12:22:22.786Z"}
{"level":"error","message":"UNAUTHORIZED","timestamp":"2023-11-16T12:22:51.372Z"}
{"level":"error","message":"UNAUTHORIZED","timestamp":"2023-11-16T12:24:10.674Z"}
{"level":"error","message":"UNAUTHORIZED","timestamp":"2023-11-16T12:25:06.387Z"}
{"level":"error","message":"UNAUTHORIZED","timestamp":"2023-11-16T12:25:35.329Z"}
{"level":"error","message":"UNAUTHORIZED","timestamp":"2023-11-16T12:25:51.706Z"}
{"level":"error","message":"UNAUTHORIZED","timestamp":"2023-11-16T12:26:53.847Z"}
{"level":"error","message":"UNAUTHORIZED","timestamp":"2023-11-16T12:27:16.519Z"}
{"level":"error","message":"UNAUTHORIZED","timestamp":"2023-11-23T17:24:22.822Z"}
{"level":"error","message":"TypeError","timestamp":"2023-11-24T08:19:28.599Z"}
{"level":"error","message":"TypeError","timestamp":"2023-11-24T08:21:55.833Z"}
{"level":"error","message":"TypeError","timestamp":"2023-11-24T08:22:21.336Z"}
{"level":"error","message":"TypeError","timestamp":"2023-11-24T08:22:35.234Z"}
{"level":"error","message":"TypeError","timestamp":"2023-11-24T08:22:58.534Z"}
{"level":"error","message":"TypeError","timestamp":"2023-11-24T08:23:31.128Z"}
{"level":"error","message":"TypeError","timestamp":"2023-11-24T08:23:54.547Z"}
{"level":"error","message":"TypeError","timestamp":"2023-11-24T08:29:07.803Z"}
{"level":"error","message":"TypeError","timestamp":"2023-11-24T08:30:25.878Z"}
{"level":"error","message":"TypeError","timestamp":"2023-11-24T08:31:26.253Z"}
{"level":"error","message":"TypeError","timestamp":"2023-11-24T08:32:05.672Z"}
{"level":"error","message":"TypeError","timestamp":"2023-11-24T08:32:24.147Z"}
{"level":"error","message":"TypeError","timestamp":"2023-11-24T08:33:47.400Z"}
{"level":"error","message":"TypeError","timestamp":"2023-11-24T08:34:06.781Z"}
{"level":"error","message":"TypeError","timestamp":"2023-11-24T08:34:20.191Z"}
{"level":"error","message":"TypeError","timestamp":"2023-11-24T08:41:35.025Z"}
{"level":"error","message":"TypeError","timestamp":"2023-11-24T08:42:22.142Z"}
{"level":"error","message":"TypeError","timestamp":"2023-11-24T08:46:01.810Z"}
{"level":"error","message":"TypeError","timestamp":"2023-11-24T08:46:24.911Z"}
{"level":"error","message":"TypeError","timestamp":"2023-11-24T08:46:38.490Z"}
{"level":"error","message":"TypeError","timestamp":"2023-11-24T08:46:53.210Z"}
{"level":"error","message":"TypeError","timestamp":"2023-11-24T08:47:04.307Z"}
{"level":"error","message":"TypeError","timestamp":"2023-11-24T08:47:27.408Z"}
{"level":"error","message":"TypeError","timestamp":"2023-11-24T08:47:32.654Z"}
{"level":"error","message":"TypeError","timestamp":"2023-11-24T08:47:33.893Z"}
{"level":"error","message":"TypeError","timestamp":"2023-11-24T08:47:34.759Z"}
{"level":"error","message":"TypeError","timestamp":"2023-11-24T08:47:46.202Z"}
{"level":"error","message":"TypeError","timestamp":"2023-11-24T08:47:47.053Z"}
{"level":"error","message":"TypeError","timestamp":"2023-11-24T08:48:20.826Z"}
{"level":"error","message":"TypeError","timestamp":"2023-11-24T08:48:38.824Z"}
{"level":"error","message":"TypeError","timestamp":"2023-11-24T08:48:40.008Z"}
{"level":"error","message":"TypeError","timestamp":"2023-11-24T08:49:00.327Z"}
{"level":"error","message":"TypeError","timestamp":"2023-11-24T08:49:01.066Z"}
{"level":"error","message":"TypeError","timestamp":"2023-11-24T08:49:01.893Z"}
{"level":"error","message":"TypeError","timestamp":"2023-11-24T08:49:20.447Z"}
{"level":"error","message":"TypeError","timestamp":"2023-11-24T08:49:40.368Z"}
{"level":"error","message":"TypeError","timestamp":"2023-11-24T08:51:50.153Z"}
{"level":"error","message":"TypeError","timestamp":"2023-11-24T08:52:05.610Z"}
{"level":"error","message":"TypeError","timestamp":"2023-11-24T08:52:16.207Z"}
{"level":"error","message":"TypeError","timestamp":"2023-11-24T08:52:29.653Z"}
{"level":"error","message":"TypeError","timestamp":"2023-11-24T08:52:31.153Z"}
{"level":"error","message":"UNAUTHORIZED","timestamp":"2023-11-24T09:09:35.316Z"}
